<?xml version="1.0" encoding="UTF-8"?>
<!-- Generated by org.testng.reporters.JUnitReportReporter -->
<testsuite skipped="0" hostname="kanishkamogha" name="TestAction.SearchTest" tests="1" failures="0" timestamp="2021-02-11T18:58:23 IST" time="17.381" errors="0">
  <testcase name="ModifySearch" time="17.381" classname="TestAction.SearchTest"/>
  <system-out/>
</testsuite> <!-- TestAction.SearchTest -->
