<?xml version="1.0" encoding="UTF-8"?>
<!-- Generated by org.testng.reporters.JUnitReportReporter -->
<testsuite skipped="0" hostname="kanishkamogha" name="TestAction.BecameOperatorTest" tests="1" failures="0" timestamp="2021-02-11T15:50:36 IST" time="13.299" errors="0">
  <testcase name="BecameOperator" time="13.299" classname="TestAction.BecameOperatorTest"/>
  <system-out/>
</testsuite> <!-- TestAction.BecameOperatorTest -->
