<?xml version="1.0" encoding="UTF-8"?>
<!-- Generated by org.testng.reporters.JUnitReportReporter -->
<testsuite skipped="0" hostname="kanishkamogha" name="TestAction.CareersTest" tests="1" failures="0" timestamp="2021-02-11T15:50:36 IST" time="12.055" errors="0">
  <testcase name="carrerPage" time="12.055" classname="TestAction.CareersTest"/>
  <system-out/>
</testsuite> <!-- TestAction.CareersTest -->
