<?xml version="1.0" encoding="UTF-8"?>
<!-- Generated by org.testng.reporters.JUnitReportReporter -->
<testsuite skipped="0" hostname="kanishkamogha" name="TestAction.SocialMediaTest" tests="1" failures="0" timestamp="2021-02-11T15:50:36 IST" time="15.900" errors="0">
  <testcase name="social" time="15.900" classname="TestAction.SocialMediaTest"/>
  <system-out/>
</testsuite> <!-- TestAction.SocialMediaTest -->
