<?xml version="1.0" encoding="UTF-8"?>
<!-- Generated by org.testng.reporters.JUnitReportReporter -->
<testsuite skipped="0" hostname="kanishkamogha" name="TestAction.GlobalSiteTest" tests="1" failures="0" timestamp="2021-02-11T15:50:36 IST" time="210.441" errors="0">
  <testcase name="globalWebsite" time="210.441" classname="TestAction.GlobalSiteTest"/>
  <system-out/>
</testsuite> <!-- TestAction.GlobalSiteTest -->
