<?xml version="1.0" encoding="UTF-8"?>
<!-- Generated by org.testng.reporters.JUnitReportReporter -->
<testsuite skipped="0" hostname="kanishkamogha" name="Exit_Test.in.RedBus.AppTest" tests="1" failures="0" timestamp="2021-01-31T03:06:54 IST" time="0.007" errors="0">
  <testcase name="shouldAnswerWithTrue" time="0.007" classname="Exit_Test.in.RedBus.AppTest"/>
  <system-out/>
</testsuite> <!-- Exit_Test.in.RedBus.AppTest -->
