<?xml version="1.0" encoding="UTF-8"?>
<!-- Generated by org.testng.reporters.JUnitReportReporter -->
<testsuite skipped="0" hostname="kanishkamogha" name="TestAction.ProfileUpdateTest" tests="3" failures="0" timestamp="2021-02-11T15:50:36 IST" time="25.107" errors="0">
  <testcase name="validLogin" time="19.640" classname="TestAction.ProfileUpdateTest"/>
  <system-out/>
  <testcase name="actions" time="1.765" classname="TestAction.ProfileUpdateTest"/>
  <system-out/>
  <testcase name="update" time="3.702" classname="TestAction.ProfileUpdateTest"/>
  <system-out/>
</testsuite> <!-- TestAction.ProfileUpdateTest -->
