<?xml version="1.0" encoding="UTF-8"?>
<!-- Generated by org.testng.reporters.JUnitReportReporter -->
<testsuite skipped="0" hostname="kanishkamogha" name="TestAction.InvalidSearchTest" tests="1" failures="0" timestamp="2021-02-11T15:50:36 IST" time="9.985" errors="0">
  <testcase name="invalidSearchBus" time="9.985" classname="TestAction.InvalidSearchTest"/>
  <system-out/>
</testsuite> <!-- TestAction.InvalidSearchTest -->
