<?xml version="1.0" encoding="UTF-8"?>
<!-- Generated by org.testng.reporters.JUnitReportReporter -->
<testsuite skipped="0" hostname="kanishkamogha" name="TestAction.TermsConditionTest" tests="1" failures="0" timestamp="2021-02-11T15:50:36 IST" time="8.467" errors="0">
  <testcase name="TandC" time="8.467" classname="TestAction.TermsConditionTest"/>
  <system-out/>
</testsuite> <!-- TestAction.TermsConditionTest -->
