<?xml version="1.0" encoding="UTF-8"?>
<!-- Generated by org.testng.reporters.JUnitReportReporter -->
<testsuite skipped="0" hostname="kanishkamogha" name="TestAction.TrackBusTest" tests="1" failures="0" timestamp="2021-02-11T15:50:36 IST" time="13.797" errors="0">
  <testcase name="TrackDetails" time="13.797" classname="TestAction.TrackBusTest"/>
  <system-out/>
</testsuite> <!-- TestAction.TrackBusTest -->
